This is pdfTeX, Version 3.1415926-2.5-1.40.14 (MiKTeX 2.9 64-bit) (preloaded format=pdflatex 2015.3.11)  12 MAY 2015 00:23
entering extended mode
**1351031-1351040-1351059.tex
("D:\APCS\wr\WR LaTex\1351031-1351040-1351059.tex"
LaTeX2e <2011/06/27>
Babel <v3.8m> and hyphenation patterns for english, afrikaans, ancientgreek, ar
abic, armenian, assamese, basque, bengali, bokmal, bulgarian, catalan, coptic, 
croatian, czech, danish, dutch, esperanto, estonian, farsi, finnish, french, ga
lician, german, german-x-2013-05-26, greek, gujarati, hindi, hungarian, iceland
ic, indonesian, interlingua, irish, italian, kannada, kurmanji, latin, latvian,
 lithuanian, malayalam, marathi, mongolian, mongolianlmc, monogreek, ngerman, n
german-x-2013-05-26, nynorsk, oriya, panjabi, pinyin, polish, portuguese, roman
ian, russian, sanskrit, serbian, slovak, slovenian, spanish, swedish, swissgerm
an, tamil, telugu, turkish, turkmen, ukenglish, ukrainian, uppersorbian, usengl
ishmax, welsh, loaded.
("C:\Program Files\MiKTeX 2.9\tex\latex\ieeetran\IEEEtran.cls"
Document Class: IEEEtran 2012/12/27 V1.8 by Michael Shell
-- See the "IEEEtran_HOWTO" manual for usage information.
-- http://www.michaelshell.org/tex/ieeetran/
\@IEEEtrantmpdimenA=\dimen102
\@IEEEtrantmpdimenB=\dimen103
\@IEEEtrantmpcountA=\count79
\@IEEEtrantmpcountB=\count80
\@IEEEtrantmptoksA=\toks14
LaTeX Font Info:    Try loading font information for OT1+ptm on input line 368.

("C:\Program Files\MiKTeX 2.9\tex\latex\psnfss\ot1ptm.fd"
File: ot1ptm.fd 2001/06/04 font definitions for OT1/ptm.
)
-- Using 8.5in x 11in (letter) paper.
-- Using PDF output.
\@IEEEnormalsizeunitybaselineskip=\dimen104
-- This is a 10 point document.
\CLASSINFOnormalsizebaselineskip=\dimen105
\CLASSINFOnormalsizeunitybaselineskip=\dimen106
\IEEEnormaljot=\dimen107
LaTeX Font Info:    Font shape `OT1/ptm/bx/n' in size <5> not available
(Font)              Font shape `OT1/ptm/b/n' tried instead on input line 726.
LaTeX Font Info:    Font shape `OT1/ptm/bx/it' in size <5> not available
(Font)              Font shape `OT1/ptm/b/it' tried instead on input line 726.
LaTeX Font Info:    Font shape `OT1/ptm/bx/n' in size <7> not available
(Font)              Font shape `OT1/ptm/b/n' tried instead on input line 726.
LaTeX Font Info:    Font shape `OT1/ptm/bx/it' in size <7> not available
(Font)              Font shape `OT1/ptm/b/it' tried instead on input line 726.
LaTeX Font Info:    Font shape `OT1/ptm/bx/n' in size <8> not available
(Font)              Font shape `OT1/ptm/b/n' tried instead on input line 726.
LaTeX Font Info:    Font shape `OT1/ptm/bx/it' in size <8> not available
(Font)              Font shape `OT1/ptm/b/it' tried instead on input line 726.
LaTeX Font Info:    Font shape `OT1/ptm/bx/n' in size <9> not available
(Font)              Font shape `OT1/ptm/b/n' tried instead on input line 726.
LaTeX Font Info:    Font shape `OT1/ptm/bx/it' in size <9> not available
(Font)              Font shape `OT1/ptm/b/it' tried instead on input line 726.
LaTeX Font Info:    Font shape `OT1/ptm/bx/n' in size <10> not available
(Font)              Font shape `OT1/ptm/b/n' tried instead on input line 726.
LaTeX Font Info:    Font shape `OT1/ptm/bx/it' in size <10> not available
(Font)              Font shape `OT1/ptm/b/it' tried instead on input line 726.
LaTeX Font Info:    Font shape `OT1/ptm/bx/n' in size <11> not available
(Font)              Font shape `OT1/ptm/b/n' tried instead on input line 726.
LaTeX Font Info:    Font shape `OT1/ptm/bx/it' in size <11> not available
(Font)              Font shape `OT1/ptm/b/it' tried instead on input line 726.
LaTeX Font Info:    Font shape `OT1/ptm/bx/n' in size <12> not available
(Font)              Font shape `OT1/ptm/b/n' tried instead on input line 726.
LaTeX Font Info:    Font shape `OT1/ptm/bx/it' in size <12> not available
(Font)              Font shape `OT1/ptm/b/it' tried instead on input line 726.
LaTeX Font Info:    Font shape `OT1/ptm/bx/n' in size <17> not available
(Font)              Font shape `OT1/ptm/b/n' tried instead on input line 726.
LaTeX Font Info:    Font shape `OT1/ptm/bx/it' in size <17> not available
(Font)              Font shape `OT1/ptm/b/it' tried instead on input line 726.
LaTeX Font Info:    Font shape `OT1/ptm/bx/n' in size <20> not available
(Font)              Font shape `OT1/ptm/b/n' tried instead on input line 726.
LaTeX Font Info:    Font shape `OT1/ptm/bx/it' in size <20> not available
(Font)              Font shape `OT1/ptm/b/it' tried instead on input line 726.
LaTeX Font Info:    Font shape `OT1/ptm/bx/n' in size <24> not available
(Font)              Font shape `OT1/ptm/b/n' tried instead on input line 726.
LaTeX Font Info:    Font shape `OT1/ptm/bx/it' in size <24> not available
(Font)              Font shape `OT1/ptm/b/it' tried instead on input line 726.
\IEEEilabelindentA=\dimen108
\IEEEilabelindentB=\dimen109
\IEEEilabelindent=\dimen110
\IEEEelabelindent=\dimen111
\IEEEdlabelindent=\dimen112
\IEEElabelindent=\dimen113
\IEEEiednormlabelsep=\dimen114
\IEEEiedmathlabelsep=\dimen115
\IEEEiedtopsep=\skip41
\c@section=\count81
\c@subsection=\count82
\c@subsubsection=\count83
\c@paragraph=\count84
\c@IEEEsubequation=\count85
\abovecaptionskip=\skip42
\belowcaptionskip=\skip43
\c@figure=\count86
\c@table=\count87
\@IEEEeqnnumcols=\count88
\@IEEEeqncolcnt=\count89
\@IEEEsubeqnnumrollback=\count90
\@IEEEtmpitemindent=\dimen116
\c@IEEEbiography=\count91
\@IEEEtranrubishbin=\box26
) ("C:\Program Files\MiKTeX 2.9\tex\latex\graphics\graphicx.sty"
Package: graphicx 1999/02/16 v1.0f Enhanced LaTeX Graphics (DPC,SPQR)

("C:\Program Files\MiKTeX 2.9\tex\latex\graphics\keyval.sty"
Package: keyval 1999/03/16 v1.13 key=value parser (DPC)
\KV@toks@=\toks15
)
("C:\Program Files\MiKTeX 2.9\tex\latex\graphics\graphics.sty"
Package: graphics 2009/02/05 v1.0o Standard LaTeX Graphics (DPC,SPQR)

("C:\Program Files\MiKTeX 2.9\tex\latex\graphics\trig.sty"
Package: trig 1999/03/16 v1.09 sin cos tan (DPC)
)
("C:\Program Files\MiKTeX 2.9\tex\latex\00miktex\graphics.cfg"
File: graphics.cfg 2007/01/18 v1.5 graphics configuration of teTeX/TeXLive
)
Package graphics Info: Driver file: pdftex.def on input line 91.

("C:\Program Files\MiKTeX 2.9\tex\latex\pdftex-def\pdftex.def"
File: pdftex.def 2011/05/27 v0.06d Graphics/color for pdfTeX

("C:\Program Files\MiKTeX 2.9\tex\generic\oberdiek\infwarerr.sty"
Package: infwarerr 2010/04/08 v1.3 Providing info/warning/error messages (HO)
)
("C:\Program Files\MiKTeX 2.9\tex\generic\oberdiek\ltxcmds.sty"
Package: ltxcmds 2011/11/09 v1.22 LaTeX kernel commands for general use (HO)
)
\Gread@gobject=\count92
))
\Gin@req@height=\dimen117
\Gin@req@width=\dimen118
)
("D:\APCS\wr\WR LaTex\1351031-1351040-1351059.aux")
LaTeX Font Info:    Checking defaults for OML/cmm/m/it on input line 352.
LaTeX Font Info:    ... okay on input line 352.
LaTeX Font Info:    Checking defaults for T1/cmr/m/n on input line 352.
LaTeX Font Info:    ... okay on input line 352.
LaTeX Font Info:    Checking defaults for OT1/cmr/m/n on input line 352.
LaTeX Font Info:    ... okay on input line 352.
LaTeX Font Info:    Checking defaults for OMS/cmsy/m/n on input line 352.
LaTeX Font Info:    ... okay on input line 352.
LaTeX Font Info:    Checking defaults for OMX/cmex/m/n on input line 352.
LaTeX Font Info:    ... okay on input line 352.
LaTeX Font Info:    Checking defaults for U/cmr/m/n on input line 352.
LaTeX Font Info:    ... okay on input line 352.

("C:\Program Files\MiKTeX 2.9\tex\context\base\supp-pdf.mkii"
[Loading MPS to PDF converter (version 2006.09.02).]
\scratchcounter=\count93
\scratchdimen=\dimen119
\scratchbox=\box27
\nofMPsegments=\count94
\nofMParguments=\count95
\everyMPshowfont=\toks16
\MPscratchCnt=\count96
\MPscratchDim=\dimen120
\MPnumerator=\count97
\makeMPintoPDFobject=\count98
\everyMPtoPDFconversion=\toks17
) [1{C:/ProgramData/MiKTeX/2.9/pdftex/config/pdftex.map}


]
Missing character: There is no ‚ in font ptmr7t!
Missing character: There is no Ä in font ptmr7t!
Missing character: There is no ô in font ptmr7t!
LaTeX Font Info:    External font `cmex10' loaded for size
(Font)              <7> on input line 566.
LaTeX Font Info:    External font `cmex10' loaded for size
(Font)              <5> on input line 566.
Missing character: There is no ‚ in font ptmr7t!
Missing character: There is no Ä in font ptmr7t!
Missing character: There is no ú in font ptmr7t!
Missing character: There is no ‚ in font ptmr7t!
Missing character: There is no Ä in font ptmr7t!
Missing character: There is no ù in font ptmr7t!
 [2]
Missing character: There is no ‚ in font ptmr7t!
Missing character: There is no Ä in font ptmr7t!
Missing character: There is no ô in font ptmr7t!
Missing character: There is no ‚ in font ptmr7t!
Missing character: There is no Ä in font ptmr7t!
Missing character: There is no ì in font ptmr7t!

<./agegender.png, id=13, 173.448pt x 110.814pt>
File: ./agegender.png Graphic file (type png)
 <use ./agegender.png>
Package pdftex.def Info: ./agegender.png used on input line 637.
(pdftex.def)             Requested size: 176.39923pt x 112.7058pt.


LaTeX Warning: `h' float specifier changed to `ht'.

<./ecfreq.png, id=15, 458.46281pt x 334.24875pt>
File: ./ecfreq.png Graphic file (type png)
 <use ./ecfreq.png>
Package pdftex.def Info: ./ecfreq.png used on input line 650.
(pdftex.def)             Requested size: 176.39923pt x 128.6071pt.

<./ecactivities.png, id=16, 804.00375pt x 436.63126pt>
File: ./ecactivities.png Graphic file (type png)

<use ./ecactivities.png>
Package pdftex.def Info: ./ecactivities.png used on input line 660.
(pdftex.def)             Requested size: 361.19843pt x 196.15578pt.
 <./satisfaction.png, id=17, 372.64218pt x 216.81pt>
File: ./satisfaction.png Graphic file (type png)

<use ./satisfaction.png>
Package pdftex.def Info: ./satisfaction.png used on input line 671.
(pdftex.def)             Requested size: 176.39923pt x 102.63182pt.


LaTeX Warning: `h' float specifier changed to `ht'.

[3 <D:/APCS/wr/WR LaTex/agegender.png> <D:/APCS/wr/WR LaTex/ecfreq.png (PNG cop
y)>] ("D:\APCS\wr\WR LaTex\1351031-1351040-1351059.bbl" [4 <D:/APCS/wr/WR LaTex
/ecactivities.png> <D:/APCS/wr/WR LaTex/satisfaction.png>])

** Conference Paper **
Before submitting the final camera ready copy, remember to:

 1. Manually equalize the lengths of two columns on the last page
 of your paper;

 2. Ensure that any PostScript and/or PDF output post-processing
 uses only Type 1 fonts and that every step in the generation
 process uses the appropriate paper size.

[5

] ("D:\APCS\wr\WR LaTex\1351031-1351040-1351059.aux") ) 
Here is how much of TeX's memory you used:
 1876 strings out of 493921
 29622 string characters out of 3147285
 87397 words of memory out of 3000000
 5197 multiletter control sequences out of 15000+200000
 35250 words of font info for 64 fonts, out of 3000000 for 9000
 844 hyphenation exceptions out of 8191
 27i,8n,19p,1176b,242s stack positions out of 5000i,500n,10000p,200000b,50000s
{C:/Program Files/MiKTeX
 2.9/fonts/enc/dvips/fontname/8r.enc}<C:/Program Files/MiKTeX 2.9/fonts/type1/p
ublic/amsfonts/cm/cmsy7.pfb><C:/Program Files/MiKTeX 2.9/fonts/type1/urw/times/
utmb8a.pfb><C:/Program Files/MiKTeX 2.9/fonts/type1/urw/times/utmbi8a.pfb><C:/P
rogram Files/MiKTeX 2.9/fonts/type1/urw/times/utmr8a.pfb><C:/Program Files/MiKT
eX 2.9/fonts/type1/urw/times/utmri8a.pfb>
Output written on 1351031-1351040-1351059.pdf (5 pages, 212405 bytes).
PDF statistics:
 47 PDF objects out of 1000 (max. 8388607)
 0 named destinations out of 1000 (max. 500000)
 21 words of extra memory for PDF output out of 10000 (max. 10000000)

